Initialized native services in: /media/cardan/87E3-1616/dotgradle_home/native
Initialized jansi services in: /media/cardan/87E3-1616/dotgradle_home/native
To honour the JVM settings for this build a single-use Daemon process will be forked. For more on this, please refer to https://docs.gradle.org/8.14/userguide/gradle_daemon.html#sec:disabling_the_daemon in the Gradle documentation.
Starting process 'Gradle build daemon'. Working directory: /media/cardan/87E3-1616/dotgradle_home/daemon/8.14 Command: /home/cardan/.local/jdks/jdk-17.0.18+8-jre/bin/java --add-opens=java.base/java.lang=ALL-UNNAMED --add-opens=java.base/java.lang.invoke=ALL-UNNAMED --add-opens=java.base/java.util=ALL-UNNAMED --add-opens=java.prefs/java.util.prefs=ALL-UNNAMED --add-exports=jdk.compiler/com.sun.tools.javac.api=ALL-UNNAMED --add-exports=jdk.compiler/com.sun.tools.javac.util=ALL-UNNAMED --add-opens=java.base/java.util=ALL-UNNAMED --add-opens=java.prefs/java.util.prefs=ALL-UNNAMED --add-opens=java.base/java.nio.charset=ALL-UNNAMED --add-opens=java.base/java.net=ALL-UNNAMED --add-opens=java.base/java.util.concurrent.atomic=ALL-UNNAMED --add-opens=java.xml/javax.xml.namespace=ALL-UNNAMED -XX:MaxMetaspaceSize=4G -XX:ReservedCodeCacheSize=512m -XX:+HeapDumpOnOutOfMemoryError -Xmx8G -Dfile.encoding=UTF-8 -Duser.country -Duser.language=en -Duser.variant -cp /home/cardan/.gradle/wrapper/dists/gradle-8.14-bin/38aieal9i53h9rfe7vjup95b9/gradle-8.14/lib/gradle-daemon-main-8.14.jar -javaagent:/home/cardan/.gradle/wrapper/dists/gradle-8.14-bin/38aieal9i53h9rfe7vjup95b9/gradle-8.14/lib/agents/gradle-instrumentation-agent-8.14.jar org.gradle.launcher.daemon.bootstrap.GradleDaemon 8.14
Successfully started process 'Gradle build daemon'
An attempt to start the daemon took 2.501 secs.
The client will now receive all logging from the daemon (pid: 20051). The daemon log file: /media/cardan/87E3-1616/dotgradle_home/daemon/8.14/daemon-20051.out.log
Daemon will be stopped at the end of the build 
Using 4 worker leases.
Received JVM installation metadata from '/home/cardan/.local/jdks/jdk-17.0.18+8-jre': {JAVA_HOME=/home/cardan/.local/jdks/jdk-17.0.18+8-jre, JAVA_VERSION=17.0.18, JAVA_VENDOR=Eclipse Adoptium, RUNTIME_NAME=OpenJDK Runtime Environment, RUNTIME_VERSION=17.0.18+8, VM_NAME=OpenJDK 64-Bit Server VM, VM_VERSION=17.0.18+8, VM_VENDOR=Eclipse Adoptium, OS_ARCH=amd64}
Watching the file system is configured to be disabled
File system watching is inactive
Starting Build

> Configure project :gradle
Evaluating project ':gradle' using build file '/home/cardan/flutter/packages/flutter_tools/gradle/build.gradle.kts'.
Resolved plugin [id: 'org.gradle.java-gradle-plugin']
Resolved plugin [id: 'org.gradle.groovy']
Resolved plugin [id: 'org.gradle.kotlin.kotlin-dsl', version: '5.2.0']
Resolved plugin [id: 'org.jetbrains.kotlin.jvm', version: '1.9.20']
Using Kotlin Gradle Plugin gradle85 variant
kotlin scripting plugin: created the scripting discovery configuration: kotlinScriptDef
kotlin scripting plugin: created the scripting discovery configuration: testKotlinScriptDef
file or directory '/home/cardan/flutter/packages/flutter_tools/gradle/src/main/java', not found
Resolved plugin [id: 'dev.flutter.flutter-plugin-loader', version: '1.0.0']
Resolved plugin [id: 'com.android.application', version: '8.11.1', apply: false]
Resolved plugin [id: 'org.jetbrains.kotlin.android', version: '2.2.20', apply: false]
Resolve mutations for :gradle:checkKotlinGradlePluginConfigurationErrors (Thread[Execution worker,5,main]) started.
:gradle:checkKotlinGradlePluginConfigurationErrors (Thread[Execution worker,5,main]) started.

> Task :gradle:checkKotlinGradlePluginConfigurationErrors SKIPPED
Skipping task ':gradle:checkKotlinGradlePluginConfigurationErrors' as task onlyIf 'errorDiagnostics are present' is false.
Resolve mutations for :gradle:compileKotlin (Thread[included builds,5,main]) started.
:gradle:compileKotlin (Thread[included builds,5,main]) started.

> Task :gradle:compileKotlin UP-TO-DATE
Caching disabled for task ':gradle:compileKotlin' because:
  Build cache is disabled
Skipping task ':gradle:compileKotlin' as it is up-to-date.
Resolve mutations for :gradle:compileJava (Thread[included builds,5,main]) started.
:gradle:compileJava (Thread[Execution worker,5,main]) started.

> Task :gradle:compileJava NO-SOURCE
Skipping task ':gradle:compileJava' as it has no source files and no previous output files.
Resolve mutations for :gradle:compileGroovy (Thread[Execution worker,5,main]) started.
:gradle:compileGroovy (Thread[included builds,5,main]) started.

> Task :gradle:compileGroovy NO-SOURCE
Skipping task ':gradle:compileGroovy' as it has no source files and no previous output files.
Resolve mutations for :gradle:pluginDescriptors (Thread[Execution worker,5,main]) started.
:gradle:pluginDescriptors (Thread[Execution worker,5,main]) started.

> Task :gradle:pluginDescriptors UP-TO-DATE
Caching disabled for task ':gradle:pluginDescriptors' because:
  Build cache is disabled
  Not worth caching
Skipping task ':gradle:pluginDescriptors' as it is up-to-date.
Resolve mutations for :gradle:processResources (Thread[Execution worker,5,main]) started.
:gradle:processResources (Thread[Execution worker,5,main]) started.

> Task :gradle:processResources UP-TO-DATE
Caching disabled for task ':gradle:processResources' because:
  Build cache is disabled
  Not worth caching
Skipping task ':gradle:processResources' as it is up-to-date.
Resolve mutations for :gradle:classes (Thread[Execution worker,5,main]) started.
:gradle:classes (Thread[Execution worker,5,main]) started.

> Task :gradle:classes UP-TO-DATE
Skipping task ':gradle:classes' as it has no actions.
Resolve mutations for :gradle:jar (Thread[Execution worker,5,main]) started.
:gradle:jar (Thread[included builds,5,main]) started.

> Task :gradle:jar UP-TO-DATE
Caching disabled for task ':gradle:jar' because:
  Build cache is disabled
  Not worth caching
Skipping task ':gradle:jar' as it is up-to-date.
Settings evaluated using settings file '/home/cardan/Documents/BiomeX_projet/biomex_app/frontend/android/settings.gradle.kts'.
Projects loaded. Root project using build file '/home/cardan/Documents/BiomeX_projet/biomex_app/frontend/android/build.gradle.kts'.
Included projects: [root project 'android', project ':app', project ':flutter_local_notifications', project ':flutter_plugin_android_lifecycle', project ':flutter_secure_storage', project ':image_picker_android', project ':path_provider_android', project ':shared_preferences_android', project ':sqflite_android']

> Configure project :
Evaluating root project 'android' using build file '/home/cardan/Documents/BiomeX_projet/biomex_app/frontend/android/build.gradle.kts'.

> Configure project :app
Evaluating project ':app' using build file '/home/cardan/Documents/BiomeX_projet/biomex_app/frontend/android/app/build.gradle.kts'.
Resolved plugin [id: 'com.android.application']
Resolved plugin [id: 'kotlin-android']
Resolved plugin [id: 'dev.flutter.flutter-gradle-plugin']
Using default execution profile
Build b70965ab-ae83-4af2-a3bf-0cbe829fb437 is started
Using Kotlin Gradle Plugin gradle813 variant
Caching disabled for Kotlin DSL accessors for project ':app' because:
  Build cache is disabled
Build b70965ab-ae83-4af2-a3bf-0cbe829fb437 is closed

FAILURE: Build failed with an exception.

* Where:
Build file '/home/cardan/Documents/BiomeX_projet/biomex_app/frontend/android/build.gradle.kts' line: 19

* What went wrong:
A problem occurred configuring project ':app'.
> java.util.concurrent.TimeoutException
> Failed to notify project evaluation listener.
   > Android Gradle Plugin: project ':app' does not specify `compileSdk` in build.gradle.kts (/home/cardan/Documents/BiomeX_projet/biomex_app/frontend/android/app/build.gradle.kts).
   > java.lang.NullPointerException (no error message)

* Try:
> Run with --stacktrace option to get the stack trace.
> Run with --debug option to get more log output.
> Run with --scan to get full insights.
> Get more help at https://help.gradle.org.

BUILD FAILED in 1m 27s
4 actionable tasks: 4 up-to-date
